<?xml version="1.0" encoding="UTF-8"?>
<testsuite xmlns:xsi="http://www.w3.org/2001/XMLSchema-instance" xsi:noNamespaceSchemaLocation="https://maven.apache.org/surefire/maven-surefire-plugin/xsd/surefire-test-report.xsd" version="3.0.2" name="za.co.entelect.java_devcamp.JavaDevcampApplicationTests" time="27.032" tests="1" errors="0" skipped="0" failures="0" flakes="0">
  <properties>
[...]
</properties>
  <testcase name="contextLoads" classname="za.co.entelect.java_devcamp.JavaDevcampApplicationTests" time="0.79">
    <system-out><![CDATA[20:56:08.574 [main] INFO org.springframework.test.context.support.AnnotationConfigContextLoaderUtils -- Could not detect default configuration classes for test class [za.co.entelect.java_devcamp.JavaDevcampApplicationTests]: JavaDevcampApplicationTests does not declare any static, non-private, non-final, nested classes annotated with @Configuration.
20:56:08.852 [main] INFO org.springframework.boot.test.context.SpringBootTestContextBootstrapper -- Found @SpringBootConfiguration za.co.entelect.java_devcamp.JavaDevcampApplication for test class za.co.entelect.java_devcamp.JavaDevcampApplicationTests
20:56:08.998 [main] INFO org.springframework.test.context.support.AnnotationConfigContextLoaderUtils -- Could not detect default configuration classes for test class [za.co.entelect.java_devcamp.JavaDevcampApplicationTests]: JavaDevcampApplicationTests does not declare any static, non-private, non-final, nested classes annotated with @Configuration.
20:56:09.000 [main] INFO org.springframework.boot.test.context.SpringBootTestContextBootstrapper -- Found @SpringBootConfiguration za.co.entelect.java_devcamp.JavaDevcampApplication for test class za.co.entelect.java_devcamp.JavaDevcampApplicationTests

  .   ____          _            __ _ _
 /\\ / ___'_ __ _ _(_)_ __  __ _ \ \ \ \
( ( )\___ | '_ | '_| | '_ \/ _` | \ \ \ \
 \\/  ___)| |_)| | | | | || (_| |  ) ) ) )
  '  |____| .__|_| |_|_| |_\__, | / / / /
 =========|_|==============|___/=/_/_/_/

 :: Spring Boot ::                (v4.0.6)

2026-06-17T20:56:09.408+02:00  INFO 50064 --- [java-devcamp] [           main] z.c.e.j.JavaDevcampApplicationTests      : Starting JavaDevcampApplicationTests using Java 25.0.3 with PID 50064 (started by thashvir.rajcoomar in C:\Users\thashvir.rajcoomar\Documents\devcamp\repo\java-devcamp)
2026-06-17T20:56:09.410+02:00  INFO 50064 --- [java-devcamp] [           main] z.c.e.j.JavaDevcampApplicationTests      : No active profile set, falling back to 1 default profile: "default"
2026-06-17T20:56:12.326+02:00  INFO 50064 --- [java-devcamp] [           main] .s.d.r.c.RepositoryConfigurationDelegate : Bootstrapping Spring Data JPA repositories in DEFAULT mode.
2026-06-17T20:56:12.792+02:00  INFO 50064 --- [java-devcamp] [           main] .s.d.r.c.RepositoryConfigurationDelegate : Finished Spring Data repository scanning in 432 ms. Found 3 JPA repository interfaces.
2026-06-17T20:56:17.124+02:00  INFO 50064 --- [java-devcamp] [           main] com.zaxxer.hikari.HikariDataSource       : HikariPool-1 - Starting...
2026-06-17T20:56:18.194+02:00  INFO 50064 --- [java-devcamp] [           main] com.zaxxer.hikari.pool.HikariPool        : HikariPool-1 - Added connection org.postgresql.jdbc.PgConnection@6a902015
2026-06-17T20:56:18.203+02:00  INFO 50064 --- [java-devcamp] [           main] com.zaxxer.hikari.HikariDataSource       : HikariPool-1 - Start completed.
2026-06-17T20:56:18.425+02:00  INFO 50064 --- [java-devcamp] [           main] org.flywaydb.core.FlywayExecutor         : Database: jdbc:postgresql://localhost:5432/postgres (PostgreSQL 14.2)
2026-06-17T20:56:18.919+02:00  INFO 50064 --- [java-devcamp] [           main] o.f.core.internal.command.DbValidate     : Successfully validated 17 migrations (execution time 00:00.190s)
2026-06-17T20:56:18.991+02:00  INFO 50064 --- [java-devcamp] [           main] o.f.core.internal.command.DbMigrate      : Current version of schema "public": 3.3
2026-06-17T20:56:19.007+02:00  INFO 50064 --- [java-devcamp] [           main] o.f.core.internal.command.DbMigrate      : Schema "public" is up to date. No migration necessary.
2026-06-17T20:56:19.502+02:00  INFO 50064 --- [java-devcamp] [           main] org.hibernate.orm.jpa                    : HHH008540: Processing PersistenceUnitInfo [name: default]
2026-06-17T20:56:19.638+02:00  INFO 50064 --- [java-devcamp] [           main] org.hibernate.orm.core                   : HHH000001: Hibernate ORM core version 7.2.12.Final
2026-06-17T20:56:21.873+02:00  INFO 50064 --- [java-devcamp] [           main] o.s.o.j.p.SpringPersistenceUnitInfo      : No LoadTimeWeaver setup: ignoring JPA class transformer
2026-06-17T20:56:22.410+02:00  INFO 50064 --- [java-devcamp] [           main] org.hibernate.orm.connections.pooling    : HHH10001005: Database info:
	Database JDBC URL [jdbc:postgresql://localhost:5432/postgres]
	Database driver: PostgreSQL JDBC Driver
	Database dialect: PostgreSQLDialect
	Database version: 14.2
	Default catalog/schema: postgres/public
	Autocommit mode: undefined/unknown
	Isolation level: READ_COMMITTED [default READ_COMMITTED]
	JDBC fetch size: none
	Pool: DataSourceConnectionProvider
	Minimum pool size: undefined/unknown
	Maximum pool size: undefined/unknown
2026-06-17T20:56:27.085+02:00  INFO 50064 --- [java-devcamp] [           main] org.hibernate.orm.core                   : HHH000489: No JTA platform available (set 'hibernate.transaction.jta.platform' to enable JTA platform integration)
2026-06-17T20:56:27.331+02:00  INFO 50064 --- [java-devcamp] [           main] j.LocalContainerEntityManagerFactoryBean : Initialized JPA EntityManagerFactory for persistence unit 'default'
2026-06-17T20:56:27.581+02:00  INFO 50064 --- [java-devcamp] [           main] o.s.d.j.r.query.QueryEnhancerFactories   : Hibernate is in classpath; If applicable, HQL parser will be used.
2026-06-17T20:56:30.528+02:00  WARN 50064 --- [java-devcamp] [           main] JpaBaseConfiguration$JpaWebConfiguration : spring.jpa.open-in-view is enabled by default. Therefore, database queries may be performed during view rendering. Explicitly configure spring.jpa.open-in-view to disable this warning
2026-06-17T20:56:30.885+02:00  INFO 50064 --- [java-devcamp] [           main] r$InitializeUserDetailsManagerConfigurer : Global AuthenticationManager configured with UserDetailsService bean with name applicationUserDetailsService
2026-06-17T20:56:32.197+02:00  INFO 50064 --- [java-devcamp] [           main] o.s.b.w.a.WelcomePageHandlerMapping      : Adding welcome page template: index
2026-06-17T20:56:34.057+02:00  INFO 50064 --- [java-devcamp] [           main] o.s.b.a.e.web.EndpointLinksResolver      : Exposing 3 endpoints beneath base path ''
2026-06-17T20:56:34.299+02:00  INFO 50064 --- [java-devcamp] [           main] z.c.e.j.JavaDevcampApplicationTests      : Started JavaDevcampApplicationTests in 25.213 seconds (process running for 27.11)
]]></system-out>
    <system-err><![CDATA[Mockito is currently self-attaching to enable the inline-mock-maker. This will no longer work in future releases of the JDK. Please add Mockito as an agent to your build as described in Mockito's documentation: https://javadoc.io/doc/org.mockito/mockito-core/latest/org.mockito/org/mockito/Mockito.html#0.3
WARNING: A Java agent has been loaded dynamically (C:\Users\thashvir.rajcoomar\.m2\repository\net\bytebuddy\byte-buddy-agent\1.17.8\byte-buddy-agent-1.17.8.jar)
WARNING: If a serviceability tool is in use, please run with -XX:+EnableDynamicAgentLoading to hide this warning
WARNING: If a serviceability tool is not in use, please run with -Djdk.instrument.traceUsage for more information
WARNING: Dynamic loading of agents will be disallowed by default in a future release
]]></system-err>
  </testcase>
</testsuite>